info it worked if it ends with ok
verbose cli [ 'node',
verbose cli   '/Users/takase/.nvm/v0.4.12/bin/npm',
verbose cli   'install',
verbose cli   'canvas-heroku' ]
info using npm@1.0.92
info using node@v0.4.12
verbose config file /Users/takase/.npmrc
verbose config file /Users/takase/.nvm/v0.4.12/etc/npmrc
silly testEngine { name: 'bsword',
silly testEngine   version: '0.0.1',
silly testEngine   private: true,
silly testEngine   dependencies: 
silly testEngine    { express: '2.5.2',
silly testEngine      ejs: '>= 0.0.1',
silly testEngine      'socket.io': '>= 0.8.7',
silly testEngine      'socket.io-client': '>= 0.8.7',
silly testEngine      redis: '>=0.7.1',
silly testEngine      'connect-redis': '>= 1.1.0',
silly testEngine      hashlib: '>=1.0.1',
silly testEngine      canvas: '>=0.10.1' },
silly testEngine   _id: 'bsword@0.0.1',
silly testEngine   devDependencies: {},
silly testEngine   engines: { node: '*' },
silly testEngine   _engineSupported: true,
silly testEngine   _npmVersion: '1.0.92',
silly testEngine   _nodeVersion: 'v0.4.12',
silly testEngine   _defaultsLoaded: true }
verbose caching /Users/takase/tools/workspace/bsword/package.json
verbose loadDefaults bsword@0.0.1
silly testEngine { name: 'connect-redis',
silly testEngine   description: 'Redis session store for Connect',
silly testEngine   version: '1.2.0',
silly testEngine   author: 
silly testEngine    { name: 'TJ Holowaychuk',
silly testEngine      email: 'tj@vision-media.ca' },
silly testEngine   main: './index.js',
silly testEngine   dependencies: { redis: '>= 0.0.1' },
silly testEngine   devDependencies: { connect: '1.4.x' },
silly testEngine   engines: { node: '>= 0.1.98' },
silly testEngine   _id: 'connect-redis@1.2.0',
silly testEngine   _engineSupported: true,
silly testEngine   _npmVersion: '1.0.92',
silly testEngine   _nodeVersion: 'v0.4.12',
silly testEngine   _defaultsLoaded: true }
verbose caching /Users/takase/tools/workspace/bsword/node_modules/connect-redis/package.json
verbose loadDefaults connect-redis@1.2.0
silly testEngine { name: 'ejs',
silly testEngine   description: 'Embedded JavaScript templates',
silly testEngine   version: '0.6.1',
silly testEngine   author: 
silly testEngine    { name: 'TJ Holowaychuk',
silly testEngine      email: 'tj@vision-media.ca' },
silly testEngine   keywords: [ 'template', 'engine', 'ejs' ],
silly testEngine   devDependencies: { mocha: '*' },
silly testEngine   main: './lib/ejs.js',
silly testEngine   _id: 'ejs@0.6.1',
silly testEngine   dependencies: {},
silly testEngine   engines: { node: '*' },
silly testEngine   _engineSupported: true,
silly testEngine   _npmVersion: '1.0.92',
silly testEngine   _nodeVersion: 'v0.4.12',
silly testEngine   _defaultsLoaded: true }
verbose caching /Users/takase/tools/workspace/bsword/node_modules/ejs/package.json
verbose loadDefaults ejs@0.6.1
silly testEngine { name: 'express',
silly testEngine   description: 'Sinatra inspired web development framework',
silly testEngine   version: '2.5.2',
silly testEngine   author: 
silly testEngine    { name: 'TJ Holowaychuk',
silly testEngine      email: 'tj@vision-media.ca' },
silly testEngine   contributors: 
silly testEngine    [ { name: 'TJ Holowaychuk',
silly testEngine        email: 'tj@vision-media.ca' },
silly testEngine      { name: 'Aaron Heckmann',
silly testEngine        email: 'aaron.heckmann+github@gmail.com' },
silly testEngine      { name: 'Ciaran Jessup', email: 'ciaranj@gmail.com' },
silly testEngine      { name: 'Guillermo Rauch', email: 'rauchg@gmail.com' } ],
silly testEngine   dependencies: 
silly testEngine    { connect: '1.8.x',
silly testEngine      mime: '>= 0.0.1',
silly testEngine      qs: '>= 0.3.1',
silly testEngine      mkdirp: '0.0.7' },
silly testEngine   devDependencies: 
silly testEngine    { 'connect-form': '0.2.1',
silly testEngine      ejs: '0.4.2',
silly testEngine      expresso: '0.9.2',
silly testEngine      hamljs: '0.5.1',
silly testEngine      jade: '0.16.2',
silly testEngine      stylus: '0.13.0',
silly testEngine      should: '0.3.2',
silly testEngine      'express-messages': '0.0.2',
silly testEngine      'node-markdown': '>= 0.0.1',
silly testEngine      'connect-redis': '>= 0.0.1' },
silly testEngine   keywords: [ 'framework', 'sinatra', 'web', 'rest', 'restful' ],
silly testEngine   repository: 
silly testEngine    { type: 'git',
silly testEngine      url: 'git://github.com/visionmedia/express.git' },
silly testEngine   main: 'index',
silly testEngine   bin: { express: './bin/express' },
silly testEngine   scripts: { test: 'make test', prepublish: 'npm prune' },
silly testEngine   engines: { node: '>= 0.4.1 < 0.7.0' },
silly testEngine   _id: 'express@2.5.2',
silly testEngine   _engineSupported: true,
silly testEngine   _npmVersion: '1.0.92',
silly testEngine   _nodeVersion: 'v0.4.12',
silly testEngine   _defaultsLoaded: true }
verbose caching /Users/takase/tools/workspace/bsword/node_modules/express/package.json
verbose loadDefaults express@2.5.2
silly testEngine { name: 'imagemagick',
silly testEngine   description: 'A wrapper around the imagemagick cli',
silly testEngine   version: '0.1.2',
silly testEngine   author: { name: 'Rasmus Andersson' },
silly testEngine   licenses: [ { type: 'MIT' } ],
silly testEngine   repository: 
silly testEngine    { type: 'git',
silly testEngine      url: 'git://github.com/rsms/node-imagemagick.git' },
silly testEngine   engine: [ 'node >=0.1.90' ],
silly testEngine   main: 'imagemagick',
silly testEngine   _id: 'imagemagick@0.1.2',
silly testEngine   dependencies: {},
silly testEngine   devDependencies: {},
silly testEngine   engines: { node: '*' },
silly testEngine   _engineSupported: true,
silly testEngine   _npmVersion: '1.0.92',
silly testEngine   _nodeVersion: 'v0.4.12',
silly testEngine   _defaultsLoaded: true }
verbose caching /Users/takase/tools/workspace/bsword/node_modules/imagemagick/package.json
verbose loadDefaults imagemagick@0.1.2
silly testEngine { name: 'redis',
silly testEngine   version: '0.7.1',
silly testEngine   description: 'Redis client library',
silly testEngine   author: { name: 'Matt Ranney', email: 'mjr@ranney.com' },
silly testEngine   contributors: 
silly testEngine    [ { name: 'Rick Olson' },
silly testEngine      { name: 'Tim-Smart' },
silly testEngine      { name: 'TJ Holowaychuk' },
silly testEngine      { name: 'Orion Henry' },
silly testEngine      { name: 'Hank Sims' },
silly testEngine      { name: 'Aivo Paas' },
silly testEngine      { name: 'Paul Carey' },
silly testEngine      { name: 'Pieter Noordhuis' },
silly testEngine      { name: 'Andy Ray' },
silly testEngine      { name: 'Vladimir Dronnikov' },
silly testEngine      { name: 'Dave Hoover' } ],
silly testEngine   main: './index.js',
silly testEngine   scripts: { test: 'node ./test.js' },
silly testEngine   devDependencies: { metrics: '>=0.1.5' },
silly testEngine   repository: 
silly testEngine    { type: 'git',
silly testEngine      url: 'git://github.com/mranney/node_redis.git' },
silly testEngine   _id: 'redis@0.7.1',
silly testEngine   dependencies: {},
silly testEngine   engines: { node: '*' },
silly testEngine   _engineSupported: true,
silly testEngine   _npmVersion: '1.0.92',
silly testEngine   _nodeVersion: 'v0.4.12',
silly testEngine   _defaultsLoaded: true }
verbose caching /Users/takase/tools/workspace/bsword/node_modules/redis/package.json
verbose loadDefaults redis@0.7.1
silly testEngine { name: 'socket.io',
silly testEngine   version: '0.8.7',
silly testEngine   description: 'Real-time apps made cross-browser & easy with a WebSocket-like API',
silly testEngine   homepage: 'http://socket.io',
silly testEngine   keywords: 
silly testEngine    [ 'websocket',
silly testEngine      'socket',
silly testEngine      'realtime',
silly testEngine      'socket.io',
silly testEngine      'comet',
silly testEngine      'ajax' ],
silly testEngine   author: 
silly testEngine    { name: 'Guillermo Rauch',
silly testEngine      email: 'guillermo@learnboost.com' },
silly testEngine   contributors: 
silly testEngine    [ { name: 'Guillermo Rauch', email: 'rauchg@gmail.com' },
silly testEngine      { name: 'Arnout Kazemier',
silly testEngine        email: 'info@3rd-eden.com' },
silly testEngine      { name: 'Vladimir Dronnikov',
silly testEngine        email: 'dronnikov@gmail.com' },
silly testEngine      { name: 'Einar Otto Stangvik',
silly testEngine        email: 'einaros@gmail.com' } ],
silly testEngine   repository: 
silly testEngine    { type: 'git',
silly testEngine      url: 'git://github.com/LearnBoost/socket.io.git' },
silly testEngine   dependencies: 
silly testEngine    { 'socket.io-client': '0.8.7',
silly testEngine      policyfile: '0.0.4',
silly testEngine      redis: '0.6.7' },
silly testEngine   devDependencies: 
silly testEngine    { expresso: '0.9.2',
silly testEngine      should: '0.0.4',
silly testEngine      assertvanish: '0.0.3-1',
silly testEngine      benchmark: '0.2.2',
silly testEngine      microtime: '0.1.3-1',
silly testEngine      colors: '0.5.1' },
silly testEngine   main: 'index',
silly testEngine   engines: { node: '>= 0.4.0' },
silly testEngine   _id: 'socket.io@0.8.7',
silly testEngine   _engineSupported: true,
silly testEngine   _npmVersion: '1.0.92',
silly testEngine   _nodeVersion: 'v0.4.12',
silly testEngine   _defaultsLoaded: true }
verbose caching /Users/takase/tools/workspace/bsword/node_modules/socket.io/package.json
verbose loadDefaults socket.io@0.8.7
silly testEngine { name: 'socket.io-client',
silly testEngine   description: 'Socket.IO client for the browser and node.js',
silly testEngine   version: '0.8.7',
silly testEngine   main: './lib/io.js',
silly testEngine   browserify: './dist/socket.io.js',
silly testEngine   homepage: 'http://socket.io',
silly testEngine   keywords: 
silly testEngine    [ 'websocket',
silly testEngine      'socket',
silly testEngine      'realtime',
silly testEngine      'socket.io',
silly testEngine      'comet',
silly testEngine      'ajax' ],
silly testEngine   author: 
silly testEngine    { name: 'Guillermo Rauch',
silly testEngine      email: 'guillermo@learnboost.com' },
silly testEngine   contributors: 
silly testEngine    [ { name: 'Guillermo Rauch', email: 'rauchg@gmail.com' },
silly testEngine      { name: 'Arnout Kazemier',
silly testEngine        email: 'info@3rd-eden.com' },
silly testEngine      { name: 'Vladimir Dronnikov',
silly testEngine        email: 'dronnikov@gmail.com' },
silly testEngine      { name: 'Einar Otto Stangvik',
silly testEngine        email: 'einaros@gmail.com' } ],
silly testEngine   repository: 
silly testEngine    { type: 'git',
silly testEngine      url: 'git://github.com/LearnBoost/socket.io-client.git' },
silly testEngine   dependencies: 
silly testEngine    { 'uglify-js': '1.0.6',
silly testEngine      'websocket-client': '1.0.0',
silly testEngine      xmlhttprequest: '1.2.2' },
silly testEngine   devDependencies: 
silly testEngine    { expresso: '0.7.7',
silly testEngine      express: '2.3.11',
silly testEngine      jade: '0.12.1',
silly testEngine      stylus: '0.13.3',
silly testEngine      'socket.io': '0.8.7',
silly testEngine      'socket.io-client': '0.8.7' },
silly testEngine   engines: { node: '>= 0.4.0' },
silly testEngine   _id: 'socket.io-client@0.8.7',
silly testEngine   _engineSupported: true,
silly testEngine   _npmVersion: '1.0.92',
silly testEngine   _nodeVersion: 'v0.4.12',
silly testEngine   _defaultsLoaded: true }
verbose caching /Users/takase/tools/workspace/bsword/node_modules/socket.io-client/package.json
verbose loadDefaults socket.io-client@0.8.7
verbose has wscript [ undefined,
verbose has wscript   { file: '/Users/takase/tools/workspace/bsword/node_modules/canvas/package.json',
verbose has wscript     contributors: false,
verbose has wscript     serverjs: false,
verbose has wscript     wscript: true } ]
silly testEngine { name: 'canvas',
silly testEngine   description: 'Canvas graphics API backed by Cairo',
silly testEngine   version: '0.10.1',
silly testEngine   author: { name: 'TJ Holowaychuk', email: 'tj@learnboost.com' },
silly testEngine   keywords: 
silly testEngine    [ 'canvas',
silly testEngine      'graphic',
silly testEngine      'graphics',
silly testEngine      'pixman',
silly testEngine      'cairo',
silly testEngine      'image',
silly testEngine      'images' ],
silly testEngine   homepage: 'https://github.com/learnboost/node-canvas',
silly testEngine   repository: 
silly testEngine    { type: 'git',
silly testEngine      url: 'git://github.com/learnboost/node-canvas.git' },
silly testEngine   scripts: { preinstall: 'node-waf configure build' },
silly testEngine   devDependencies: 
silly testEngine    { express: '2.3.7',
silly testEngine      jade: '0.11.0',
silly testEngine      mocha: '*',
silly testEngine      should: '*' },
silly testEngine   engines: { node: '>= 0.4.0 && < 0.7.0' },
silly testEngine   main: './lib/canvas.js',
silly testEngine   _id: 'canvas@0.10.1',
silly testEngine   dependencies: {},
silly testEngine   _engineSupported: true,
silly testEngine   _npmVersion: '1.0.92',
silly testEngine   _nodeVersion: 'v0.4.12',
silly testEngine   _defaultsLoaded: true }
verbose caching /Users/takase/tools/workspace/bsword/node_modules/canvas/package.json
verbose loadDefaults canvas@0.10.1
verbose has wscript [ undefined,
verbose has wscript   { file: '/Users/takase/tools/workspace/bsword/node_modules/hashlib/package.json',
verbose has wscript     contributors: false,
verbose has wscript     serverjs: false,
verbose has wscript     wscript: true } ]
silly testEngine { name: 'hashlib',
silly testEngine   author: { name: 'Illarionov Oleg' },
silly testEngine   description: 'lib for node which makes hashes',
silly testEngine   version: '1.0.1',
silly testEngine   contributors: 
silly testEngine    [ { name: 'Fedor Indutny',
silly testEngine        email: 'fedor.indutny@gmail.com' },
silly testEngine      { name: 'Seth Fitzsimmons',
silly testEngine        email: 'seth@mojodna.net' },
silly testEngine      { name: 'Wade Simmons', email: 'wade@wades.im' } ],
silly testEngine   main: 'build/default/hashlib',
silly testEngine   directories: { lib: './build/default' },
silly testEngine   engines: { node: '>= 0.2.0' },
silly testEngine   _id: 'hashlib@1.0.1',
silly testEngine   scripts: { preinstall: 'node-waf clean || true; node-waf configure build' },
silly testEngine   dependencies: {},
silly testEngine   devDependencies: {},
silly testEngine   _engineSupported: true,
silly testEngine   _npmVersion: '1.0.92',
silly testEngine   _nodeVersion: 'v0.4.12',
silly testEngine   _defaultsLoaded: true }
verbose caching /Users/takase/tools/workspace/bsword/node_modules/hashlib/package.json
verbose loadDefaults hashlib@1.0.1
verbose from cache /Users/takase/tools/workspace/bsword/package.json
verbose into /Users/takase/tools/workspace/bsword [ 'canvas-heroku' ]
verbose cache add canvas-heroku
verbose cache add [ 'canvas-heroku', null ]
silly cache add: name, spec, args [ undefined,
silly cache add: name, spec, args   'canvas-heroku',
silly cache add: name, spec, args   [ 'canvas-heroku', null ] ]
verbose parsed url { pathname: 'canvas-heroku', href: 'canvas-heroku' }
info addNamed [ 'canvas-heroku', '' ]
verbose addNamed [ null, '' ]
verbose GET canvas-heroku
verbose raw, before any munging canvas-heroku
verbose url resolving [ 'https://registry.npmjs.org/', './canvas-heroku' ]
verbose url resolved https://registry.npmjs.org/canvas-heroku
silly get cb [ 404,
silly get cb   { server: 'CouchDB/1.1.0 (Erlang OTP/R14B04)',
silly get cb     date: 'Sat, 04 Feb 2012 10:46:08 GMT',
silly get cb     'content-type': 'application/json',
silly get cb     'content-length': '52',
silly get cb     'cache-control': 'must-revalidate' } ]
ERR! 404 'canvas-heroku' is not in the npm registry.
ERR! 404 You could maybe bug the author to publish it
ERR! 404 Note that you can also install from a tarball or folder.
ERR! 
ERR! System Darwin 11.2.0
ERR! command "node" "/Users/takase/.nvm/v0.4.12/bin/npm" "install" "canvas-heroku"
ERR! cwd /Users/takase/tools/workspace/bsword
ERR! node -v v0.4.12
ERR! npm -v 1.0.92
ERR! code E404
verbose exit [ 1, true ]
